<?xml version="1.0" encoding="UTF-8"?>
<testsuite name="TestSuite" time="82" tests="1" errors="0" skipped="0" failures="1">
  <properties>
[...]
</properties>
  <testcase name="feature" classname="runners.CucumberRunner" time="82">
    <failure message="org.openqa.selenium.TimeoutException: Expected condition failed: waiting for visibility of element located by By.xpath: //a[@class=&apos;fancybox-item fancybox-close fancybox-newsletter-close&apos;] (tried for 10 second(s) with 500 milliseconds interval)" type="cucumber.runtime.CucumberException">cucumber.runtime.CucumberException: org.openqa.selenium.TimeoutException: Expected condition failed: waiting for visibility of element located by By.xpath: //a[@class='fancybox-item fancybox-close fancybox-newsletter-close'] (tried for 10 second(s) with 500 milliseconds interval)
	at cucumber.api.testng.TestNGCucumberRunner.runCucumber(TestNGCucumberRunner.java:69)
	at cucumber.api.testng.AbstractTestNGCucumberTests.feature(AbstractTestNGCucumberTests.java:21)
	at sun.reflect.NativeMethodAccessorImpl.invoke0(Native Method)
	at sun.reflect.NativeMethodAccessorImpl.invoke(NativeMethodAccessorImpl.java:62)
	at sun.reflect.DelegatingMethodAccessorImpl.invoke(DelegatingMethodAccessorImpl.java:43)
	at java.lang.reflect.Method.invoke(Method.java:497)
	at org.testng.internal.MethodInvocationHelper.invokeMethod(MethodInvocationHelper.java:133)
	at org.testng.internal.TestInvoker.invokeMethod(TestInvoker.java:584)
	at org.testng.internal.TestInvoker.invokeTestMethod(TestInvoker.java:172)
	at org.testng.internal.MethodRunner.runInSequence(MethodRunner.java:46)
	at org.testng.internal.TestInvoker$MethodInvocationAgent.invoke(TestInvoker.java:804)
	at org.testng.internal.TestInvoker.invokeTestMethods(TestInvoker.java:145)
	at org.testng.internal.TestMethodWorker.invokeTestMethods(TestMethodWorker.java:146)
	at org.testng.internal.TestMethodWorker.run(TestMethodWorker.java:128)
	at java.util.ArrayList.forEach(ArrayList.java:1249)
	at org.testng.TestRunner.privateRun(TestRunner.java:770)
	at org.testng.TestRunner.run(TestRunner.java:591)
	at org.testng.SuiteRunner.runTest(SuiteRunner.java:402)
	at org.testng.SuiteRunner.access$000(SuiteRunner.java:41)
	at org.testng.SuiteRunner$SuiteWorker.run(SuiteRunner.java:443)
	at org.testng.internal.thread.ThreadUtil.lambda$execute$0(ThreadUtil.java:67)
	at java.util.concurrent.FutureTask.run(FutureTask.java:266)
	at java.util.concurrent.ThreadPoolExecutor.runWorker(ThreadPoolExecutor.java:1142)
	at java.util.concurrent.ThreadPoolExecutor$Worker.run(ThreadPoolExecutor.java:617)
	at java.lang.Thread.run(Thread.java:745)
Caused by: org.openqa.selenium.TimeoutException: Expected condition failed: waiting for visibility of element located by By.xpath: //a[@class='fancybox-item fancybox-close fancybox-newsletter-close'] (tried for 10 second(s) with 500 milliseconds interval)
	at org.openqa.selenium.support.ui.WebDriverWait.timeoutException(WebDriverWait.java:95)
	at org.openqa.selenium.support.ui.FluentWait.until(FluentWait.java:272)
	at pages.DashboardPage.CloseFlyer(DashboardPage.java:13)
	at steps.dashboardSteps.iCreateMyMailSignupAnd(dashboardSteps.java:32)
	at ✽.Then I create my mail signup "demoibemail@gmail.com" and "Asdasd_123"(Login.feature:7)
Caused by: org.openqa.selenium.NoSuchElementException: no such element: Unable to locate element: {"method":"xpath","selector":"//a[@class='fancybox-item fancybox-close fancybox-newsletter-close']"}
  (Session info: chrome=83.0.4103.116)
For documentation on this error, please visit: https://www.seleniumhq.org/exceptions/no_such_element.html
Build info: version: '3.141.59', revision: 'e82be7d358', time: '2018-11-14T08:17:03'
System info: host: 'SAQLAIN-PC', ip: '192.168.43.93', os.name: 'Windows 10', os.arch: 'amd64', os.version: '10.0', java.version: '1.8.0_60'
Driver info: org.openqa.selenium.chrome.ChromeDriver
Capabilities {acceptInsecureCerts: false, browserName: chrome, browserVersion: 83.0.4103.116, chrome: {chromedriverVersion: 83.0.4103.39 (ccbf011cb2d2b..., userDataDir: C:\Users\Dell\AppData\Local...}, goog:chromeOptions: {debuggerAddress: localhost:49627}, javascriptEnabled: true, networkConnectionEnabled: false, pageLoadStrategy: normal, platform: WINDOWS, platformName: WINDOWS, proxy: Proxy(), setWindowRect: true, strictFileInteractability: false, timeouts: {implicit: 0, pageLoad: 300000, script: 30000}, unhandledPromptBehavior: dismiss and notify, webauthn:virtualAuthenticators: true}
Session ID: 686cb0a8373b7011590634abfe28c2db
*** Element info: {Using=xpath, value=//a[@class='fancybox-item fancybox-close fancybox-newsletter-close']}
	at sun.reflect.NativeConstructorAccessorImpl.newInstance0(Native Method)
	at sun.reflect.NativeConstructorAccessorImpl.newInstance(NativeConstructorAccessorImpl.java:62)
	at sun.reflect.DelegatingConstructorAccessorImpl.newInstance(DelegatingConstructorAccessorImpl.java:45)
	at java.lang.reflect.Constructor.newInstance(Constructor.java:422)
	at org.openqa.selenium.remote.http.W3CHttpResponseCodec.createException(W3CHttpResponseCodec.java:187)
	at org.openqa.selenium.remote.http.W3CHttpResponseCodec.decode(W3CHttpResponseCodec.java:122)
	at org.openqa.selenium.remote.http.W3CHttpResponseCodec.decode(W3CHttpResponseCodec.java:49)
	at org.openqa.selenium.remote.HttpCommandExecutor.execute(HttpCommandExecutor.java:158)
	at org.openqa.selenium.remote.service.DriverCommandExecutor.execute(DriverCommandExecutor.java:83)
	at org.openqa.selenium.remote.RemoteWebDriver.execute(RemoteWebDriver.java:552)
	at org.openqa.selenium.remote.RemoteWebDriver.findElement(RemoteWebDriver.java:323)
	at org.openqa.selenium.remote.RemoteWebDriver.findElementByXPath(RemoteWebDriver.java:428)
	at org.openqa.selenium.By$ByXPath.findElement(By.java:353)
	at org.openqa.selenium.remote.RemoteWebDriver.findElement(RemoteWebDriver.java:315)
	at org.openqa.selenium.support.ui.ExpectedConditions$7.apply(ExpectedConditions.java:205)
	at org.openqa.selenium.support.ui.ExpectedConditions$7.apply(ExpectedConditions.java:201)
	at org.openqa.selenium.support.ui.FluentWait.until(FluentWait.java:249)
	at pages.DashboardPage.CloseFlyer(DashboardPage.java:13)
	at steps.dashboardSteps.iCreateMyMailSignupAnd(dashboardSteps.java:32)
	at sun.reflect.NativeMethodAccessorImpl.invoke0(Native Method)
	at sun.reflect.NativeMethodAccessorImpl.invoke(NativeMethodAccessorImpl.java:62)
	at sun.reflect.DelegatingMethodAccessorImpl.invoke(DelegatingMethodAccessorImpl.java:43)
	at java.lang.reflect.Method.invoke(Method.java:497)
	at cucumber.runtime.Utils$1.call(Utils.java:37)
	at cucumber.runtime.Timeout.timeout(Timeout.java:13)
	at cucumber.runtime.Utils.invoke(Utils.java:31)
	at cucumber.runtime.java.JavaStepDefinition.execute(JavaStepDefinition.java:38)
	at cucumber.runtime.StepDefinitionMatch.runStep(StepDefinitionMatch.java:37)
	at cucumber.runtime.Runtime.runStep(Runtime.java:299)
	at cucumber.runtime.model.StepContainer.runStep(StepContainer.java:44)
	at cucumber.runtime.model.StepContainer.runSteps(StepContainer.java:39)
	at cucumber.runtime.model.CucumberScenario.run(CucumberScenario.java:44)
	at cucumber.runtime.model.CucumberScenarioOutline.run(CucumberScenarioOutline.java:46)
	at cucumber.runtime.model.CucumberFeature.run(CucumberFeature.java:165)
	at cucumber.api.testng.TestNGCucumberRunner.runCucumber(TestNGCucumberRunner.java:63)
	at cucumber.api.testng.AbstractTestNGCucumberTests.feature(AbstractTestNGCucumberTests.java:21)
	at sun.reflect.NativeMethodAccessorImpl.invoke0(Native Method)
	at sun.reflect.NativeMethodAccessorImpl.invoke(NativeMethodAccessorImpl.java:62)
	at sun.reflect.DelegatingMethodAccessorImpl.invoke(DelegatingMethodAccessorImpl.java:43)
	at java.lang.reflect.Method.invoke(Method.java:497)
	at org.testng.internal.MethodInvocationHelper.invokeMethod(MethodInvocationHelper.java:133)
	at org.testng.internal.TestInvoker.invokeMethod(TestInvoker.java:584)
	at org.testng.internal.TestInvoker.invokeTestMethod(TestInvoker.java:172)
	at org.testng.internal.MethodRunner.runInSequence(MethodRunner.java:46)
	at org.testng.internal.TestInvoker$MethodInvocationAgent.invoke(TestInvoker.java:804)
	at org.testng.internal.TestInvoker.invokeTestMethods(TestInvoker.java:145)
	at org.testng.internal.TestMethodWorker.invokeTestMethods(TestMethodWorker.java:146)
	at org.testng.internal.TestMethodWorker.run(TestMethodWorker.java:128)
	at java.util.ArrayList.forEach(ArrayList.java:1249)
	at org.testng.TestRunner.privateRun(TestRunner.java:770)
	at org.testng.TestRunner.run(TestRunner.java:591)
	at org.testng.SuiteRunner.runTest(SuiteRunner.java:402)
	at org.testng.SuiteRunner.access$000(SuiteRunner.java:41)
	at org.testng.SuiteRunner$SuiteWorker.run(SuiteRunner.java:443)
	at org.testng.internal.thread.ThreadUtil.lambda$execute$0(ThreadUtil.java:67)
	at java.util.concurrent.FutureTask.run(FutureTask.java:266)
	at java.util.concurrent.ThreadPoolExecutor.runWorker(ThreadPoolExecutor.java:1142)
	at java.util.concurrent.ThreadPoolExecutor$Worker.run(ThreadPoolExecutor.java:617)
	at java.lang.Thread.run(Thread.java:745)
</failure>
    <system-out><![CDATA[Feature: Signup/Login to IconBunny

  @Regression
  Scenario Outline: Sign Up IconBunny                       &amp#27;[90m# Login.feature:4&amp#27;[0m
    &amp#27;[36mGiven &amp#27;[0m&amp#27;[36mI am on IconBunny Home page&amp#27;[0m
    &amp#27;[36mThen &amp#27;[0m&amp#27;[36mI Click Register my account&amp#27;[0m
    &amp#27;[36mThen &amp#27;[0m&amp#27;[36mI create my mail signup "<email>" and "<password>"&amp#27;[0m
    &amp#27;[36mThen &amp#27;[0m&amp#27;[36mI logout&amp#27;[0m

    Examples: 

  @Regression
  Scenario Outline: Sign Up IconBunny                                     &amp#27;[90m# Login.feature:12&amp#27;[0m
    &amp#27;[32mGiven &amp#27;[0m&amp#27;[32mI am on IconBunny Home page&amp#27;[0m                                     &amp#27;[90m# loginStep.iAmOnIconBunnyHomePage()&amp#27;[0m
    &amp#27;[32mThen &amp#27;[0m&amp#27;[32mI Click Register my account&amp#27;[0m                                      &amp#27;[90m# dashboardSteps.iClickRegisterMyAccount()&amp#27;[0m
    &amp#27;[31mThen &amp#27;[0m&amp#27;[31mI create my mail signup "&amp#27;[0m&amp#27;[31m&amp#27;[1mdemoibemail@gmail.com&amp#27;[0m&amp#27;[31m" and "&amp#27;[0m&amp#27;[31m&amp#27;[1mAsdasd_123&amp#27;[0m&amp#27;[31m"&amp#27;[0m &amp#27;[90m# dashboardSteps.iCreateMyMailSignupAnd(String,String)&amp#27;[0m
      &amp#27;[31morg.openqa.selenium.TimeoutException: Expected condition failed: waiting for visibility of element located by By.xpath: //a[@class='fancybox-item fancybox-close fancybox-newsletter-close'] (tried for 10 second(s) with 500 milliseconds interval)
      	at org.openqa.selenium.support.ui.WebDriverWait.timeoutException(WebDriverWait.java:95)
      	at org.openqa.selenium.support.ui.FluentWait.until(FluentWait.java:272)
      	at pages.DashboardPage.CloseFlyer(DashboardPage.java:13)
      	at steps.dashboardSteps.iCreateMyMailSignupAnd(dashboardSteps.java:32)
      	at ?.Then I create my mail signup "demoibemail@gmail.com" and "Asdasd_123"(Login.feature:7)
      Caused by: org.openqa.selenium.NoSuchElementException: no such element: Unable to locate element: {"method":"xpath","selector":"//a[@class='fancybox-item fancybox-close fancybox-newsletter-close']"}
        (Session info: chrome=83.0.4103.116)
      For documentation on this error, please visit: https://www.seleniumhq.org/exceptions/no_such_element.html
      Build info: version: '3.141.59', revision: 'e82be7d358', time: '2018-11-14T08:17:03'
      System info: host: 'SAQLAIN-PC', ip: '192.168.43.93', os.name: 'Windows 10', os.arch: 'amd64', os.version: '10.0', java.version: '1.8.0_60'
      Driver info: org.openqa.selenium.chrome.ChromeDriver
      Capabilities {acceptInsecureCerts: false, browserName: chrome, browserVersion: 83.0.4103.116, chrome: {chromedriverVersion: 83.0.4103.39 (ccbf011cb2d2b..., userDataDir: C:\Users\Dell\AppData\Local...}, goog:chromeOptions: {debuggerAddress: localhost:49627}, javascriptEnabled: true, networkConnectionEnabled: false, pageLoadStrategy: normal, platform: WINDOWS, platformName: WINDOWS, proxy: Proxy(), setWindowRect: true, strictFileInteractability: false, timeouts: {implicit: 0, pageLoad: 300000, script: 30000}, unhandledPromptBehavior: dismiss and notify, webauthn:virtualAuthenticators: true}
      Session ID: 686cb0a8373b7011590634abfe28c2db
      *** Element info: {Using=xpath, value=//a[@class='fancybox-item fancybox-close fancybox-newsletter-close']}
      	at sun.reflect.NativeConstructorAccessorImpl.newInstance0(Native Method)
      	at sun.reflect.NativeConstructorAccessorImpl.newInstance(NativeConstructorAccessorImpl.java:62)
      	at sun.reflect.DelegatingConstructorAccessorImpl.newInstance(DelegatingConstructorAccessorImpl.java:45)
      	at java.lang.reflect.Constructor.newInstance(Constructor.java:422)
      	at org.openqa.selenium.remote.http.W3CHttpResponseCodec.createException(W3CHttpResponseCodec.java:187)
      	at org.openqa.selenium.remote.http.W3CHttpResponseCodec.decode(W3CHttpResponseCodec.java:122)
      	at org.openqa.selenium.remote.http.W3CHttpResponseCodec.decode(W3CHttpResponseCodec.java:49)
      	at org.openqa.selenium.remote.HttpCommandExecutor.execute(HttpCommandExecutor.java:158)
      	at org.openqa.selenium.remote.service.DriverCommandExecutor.execute(DriverCommandExecutor.java:83)
      	at org.openqa.selenium.remote.RemoteWebDriver.execute(RemoteWebDriver.java:552)
      	at org.openqa.selenium.remote.RemoteWebDriver.findElement(RemoteWebDriver.java:323)
      	at org.openqa.selenium.remote.RemoteWebDriver.findElementByXPath(RemoteWebDriver.java:428)
      	at org.openqa.selenium.By$ByXPath.findElement(By.java:353)
      	at org.openqa.selenium.remote.RemoteWebDriver.findElement(RemoteWebDriver.java:315)
      	at org.openqa.selenium.support.ui.ExpectedConditions$7.apply(ExpectedConditions.java:205)
      	at org.openqa.selenium.support.ui.ExpectedConditions$7.apply(ExpectedConditions.java:201)
      	at org.openqa.selenium.support.ui.FluentWait.until(FluentWait.java:249)
      	at pages.DashboardPage.CloseFlyer(DashboardPage.java:13)
      	at steps.dashboardSteps.iCreateMyMailSignupAnd(dashboardSteps.java:32)
      	at sun.reflect.NativeMethodAccessorImpl.invoke0(Native Method)
      	at sun.reflect.NativeMethodAccessorImpl.invoke(NativeMethodAccessorImpl.java:62)
      	at sun.reflect.DelegatingMethodAccessorImpl.invoke(DelegatingMethodAccessorImpl.java:43)
      	at java.lang.reflect.Method.invoke(Method.java:497)
      	at cucumber.runtime.Utils$1.call(Utils.java:37)
      	at cucumber.runtime.Timeout.timeout(Timeout.java:13)
      	at cucumber.runtime.Utils.invoke(Utils.java:31)
      	at cucumber.runtime.java.JavaStepDefinition.execute(JavaStepDefinition.java:38)
      	at cucumber.runtime.StepDefinitionMatch.runStep(StepDefinitionMatch.java:37)
      	at cucumber.runtime.Runtime.runStep(Runtime.java:299)
      	at cucumber.runtime.model.StepContainer.runStep(StepContainer.java:44)
      	at cucumber.runtime.model.StepContainer.runSteps(StepContainer.java:39)
      	at cucumber.runtime.model.CucumberScenario.run(CucumberScenario.java:44)
      	at cucumber.runtime.model.CucumberScenarioOutline.run(CucumberScenarioOutline.java:46)
      	at cucumber.runtime.model.CucumberFeature.run(CucumberFeature.java:165)
      	at cucumber.api.testng.TestNGCucumberRunner.runCucumber(TestNGCucumberRunner.java:63)
      	at cucumber.api.testng.AbstractTestNGCucumberTests.feature(AbstractTestNGCucumberTests.java:21)
      	at sun.reflect.NativeMethodAccessorImpl.invoke0(Native Method)
      	at sun.reflect.NativeMethodAccessorImpl.invoke(NativeMethodAccessorImpl.java:62)
      	at sun.reflect.DelegatingMethodAccessorImpl.invoke(DelegatingMethodAccessorImpl.java:43)
      	at java.lang.reflect.Method.invoke(Method.java:497)
      	at org.testng.internal.MethodInvocationHelper.invokeMethod(MethodInvocationHelper.java:133)
      	at org.testng.internal.TestInvoker.invokeMethod(TestInvoker.java:584)
      	at org.testng.internal.TestInvoker.invokeTestMethod(TestInvoker.java:172)
      	at org.testng.internal.MethodRunner.runInSequence(MethodRunner.java:46)
      	at org.testng.internal.TestInvoker$MethodInvocationAgent.invoke(TestInvoker.java:804)
      	at org.testng.internal.TestInvoker.invokeTestMethods(TestInvoker.java:145)
      	at org.testng.internal.TestMethodWorker.invokeTestMethods(TestMethodWorker.java:146)
      	at org.testng.internal.TestMethodWorker.run(TestMethodWorker.java:128)
      	at java.util.ArrayList.forEach(ArrayList.java:1249)
      	at org.testng.TestRunner.privateRun(TestRunner.java:770)
      	at org.testng.TestRunner.run(TestRunner.java:591)
      	at org.testng.SuiteRunner.runTest(SuiteRunner.java:402)
      	at org.testng.SuiteRunner.access$000(SuiteRunner.java:41)
      	at org.testng.SuiteRunner$SuiteWorker.run(SuiteRunner.java:443)
      	at org.testng.internal.thread.ThreadUtil.lambda$execute$0(ThreadUtil.java:67)
      	at java.util.concurrent.FutureTask.run(FutureTask.java:266)
      	at java.util.concurrent.ThreadPoolExecutor.runWorker(ThreadPoolExecutor.java:1142)
      	at java.util.concurrent.ThreadPoolExecutor$Worker.run(ThreadPoolExecutor.java:617)
      	at java.lang.Thread.run(Thread.java:745)
      &amp#27;[0m
    &amp#27;[36mThen &amp#27;[0m&amp#27;[36mI logout&amp#27;[0m                                                         &amp#27;[90m# loginStep.iLogout()&amp#27;[0m

  @Regression
  Scenario Outline: Login IconBunny                      &amp#27;[90m# Login.feature:16&amp#27;[0m
    &amp#27;[36mGiven &amp#27;[0m&amp#27;[36mI am on IconBunny Home page&amp#27;[0m
    &amp#27;[36mThen &amp#27;[0m&amp#27;[36mI Click Login my account&amp#27;[0m
    &amp#27;[36mThen &amp#27;[0m&amp#27;[36mI Enter  "<email>" and "<password>" credentials&amp#27;[0m
    &amp#27;[36mThen &amp#27;[0m&amp#27;[36mI Close Flyer&amp#27;[0m
    &amp#27;[36mThen &amp#27;[0m&amp#27;[36mI logout&amp#27;[0m

    Examples: 
SIGN OUT
pass

  @Regression
  Scenario Outline: Login IconBunny                                    &amp#27;[90m# Login.feature:25&amp#27;[0m
    &amp#27;[32mGiven &amp#27;[0m&amp#27;[32mI am on IconBunny Home page&amp#27;[0m                                  &amp#27;[90m# loginStep.iAmOnIconBunnyHomePage()&amp#27;[0m
    &amp#27;[32mThen &amp#27;[0m&amp#27;[32mI Click Login my account&amp#27;[0m                                      &amp#27;[90m# dashboardSteps.iClickLoginMyAccount()&amp#27;[0m
    &amp#27;[32mThen &amp#27;[0m&amp#27;[32mI Enter  "&amp#27;[0m&amp#27;[32m&amp#27;[1mdemoibemail@gmail.com&amp#27;[0m&amp#27;[32m" and "&amp#27;[0m&amp#27;[32m&amp#27;[1mAsdasd_123&amp#27;[0m&amp#27;[32m" credentials&amp#27;[0m &amp#27;[90m# dashboardSteps.iEnterAndCredentials(String,String)&amp#27;[0m
    &amp#27;[32mThen &amp#27;[0m&amp#27;[32mI Close Flyer&amp#27;[0m                                                 &amp#27;[90m# dashboardSteps.iCloseFlyer()&amp#27;[0m
    &amp#27;[32mThen &amp#27;[0m&amp#27;[32mI logout&amp#27;[0m                                                      &amp#27;[90m# loginStep.iLogout()&amp#27;[0m
]]></system-out>
    <system-err><![CDATA[Starting ChromeDriver 83.0.4103.39 (ccbf011cb2d2b19b506d844400483861342c20cd-refs/branch-heads/4103@{#416}) on port 6630
Only local connections are allowed.
Please see https://chromedriver.chromium.org/security-considerations for suggestions on keeping ChromeDriver safe.
ChromeDriver was started successfully.
Jul 15, 2020 12:33:58 AM org.openqa.selenium.remote.ProtocolHandshake createSession
INFO: Detected dialect: W3C
]]></system-err>
  </testcase>
</testsuite>